<?xml version="1.0" encoding="utf-8"?><testsuites><testsuite name="pytest" errors="0" failures="0" skipped="0" tests="5" time="0.101" timestamp="2024-06-27T21:20:42.848426" hostname="Users-MacBook-Pro.local"><testcase classname="tests.test_bytebank.TestClass" name="test_quando_idade_recebe_13_03_2000_deve_retornar_24" time="0.002" /><testcase classname="tests.test_bytebank.TestClass" name="test_quando_sobre_recebe_Lucas_carvalho_deve_retorna_Carvalho" time="0.001" /><testcase classname="tests.test_bytebank.TestClass" name="test_quando_decrescimo_salario_recebe_100000_deve_retornar_90000" time="0.001" /><testcase classname="tests.test_bytebank.TestClass" name="test_quando_calcular_bonus_recebe_1000_deve_retornar_100" time="0.001" /><testcase classname="tests.test_bytebank.TestClass" name="test_quando_calcular_bonus_recebe_100000000_deve_retornar_excepition" time="0.001" /></testsuite></testsuites>